Using pre-set license
Built from '2020.3/staging' branch; Version is '2020.3.8f1 (507919d4fff5) revision 5273881'; Using compiler version '192528614'; Build Type 'Release'
OS: 'Windows 10 Pro; OS build 19043.1110; Version 2009; 64bit' Language: 'ru' Physical Memory: 8101 MB
BatchMode: 1, IsHumanControllingUs: 0, StartBugReporterOnCrash: 0, Is64bit: 1, IsPro: 0

 COMMAND LINE ARGUMENTS:
C:\Program Files\Unity\Hub\Editor\2020.3.8f1\Editor\Unity.exe
-adb2
-batchMode
-noUpm
-name
AssetImportWorker0
-projectPath
C:/Users/root/Documents/Unity/ChaosBall
-logFile
Logs/AssetImportWorker0.log
-srvPort
19497
Successfully changed project path to: C:/Users/root/Documents/Unity/ChaosBall
C:/Users/root/Documents/Unity/ChaosBall
Using Asset Import Pipeline V2.
Refreshing native plugins compatible for Editor in 49.99 ms, found 0 plugins.
Preloading 0 native plugins for Editor in 0.00 ms.
Initialize engine version: 2020.3.8f1 (507919d4fff5)
[Subsystems] Discovering subsystems at path C:/Program Files/Unity/Hub/Editor/2020.3.8f1/Editor/Data/Resources/UnitySubsystems
[Subsystems] Discovering subsystems at path C:/Users/root/Documents/Unity/ChaosBall/Assets
GfxDevice: creating device client; threaded=0
Direct3D:
    Version:  Direct3D 11.0 [level 11.1]
    Renderer: NVIDIA GeForce MX150 (ID=0x1d12)
    Vendor:   
    VRAM:     1983 MB
    Driver:   25.21.14.1672
Initialize mono
Mono path[0] = 'C:/Program Files/Unity/Hub/Editor/2020.3.8f1/Editor/Data/Managed'
Mono path[1] = 'C:/Program Files/Unity/Hub/Editor/2020.3.8f1/Editor/Data/MonoBleedingEdge/lib/mono/unityjit'
Mono config path = 'C:/Program Files/Unity/Hub/Editor/2020.3.8f1/Editor/Data/MonoBleedingEdge/etc'
Using monoOptions --debugger-agent=transport=dt_socket,embedding=1,server=y,suspend=n,address=127.0.0.1:56980
Begin MonoManager ReloadAssembly
Registering precompiled unity dll's ...
Register platform support module: C:/Program Files/Unity/Hub/Editor/2020.3.8f1/Editor/Data/PlaybackEngines/WebGLSupport/UnityEditor.WebGL.Extensions.dll
Register platform support module: C:/Program Files/Unity/Hub/Editor/2020.3.8f1/Editor/Data/PlaybackEngines/MacStandaloneSupport/UnityEditor.OSXStandalone.Extensions.dll
Register platform support module: C:/Program Files/Unity/Hub/Editor/2020.3.8f1/Editor/Data/PlaybackEngines/WindowsStandaloneSupport/UnityEditor.WindowsStandalone.Extensions.dll
Registered in 0.003930 seconds.
Native extension for WindowsStandalone target not found
Native extension for OSXStandalone target not found
Native extension for WebGL target not found
Refreshing native plugins compatible for Editor in 38.22 ms, found 0 plugins.
Preloading 0 native plugins for Editor in 0.00 ms.
Mono: successfully reloaded assembly
- Completed reload, in  4.781 seconds
Platform modules already initialized, skipping
Registering precompiled user dll's ...
Registered in 0.001335 seconds.
Begin MonoManager ReloadAssembly
Native extension for WindowsStandalone target not found
Native extension for OSXStandalone target not found
Native extension for WebGL target not found
Refreshing native plugins compatible for Editor in 0.44 ms, found 0 plugins.
Preloading 0 native plugins for Editor in 0.00 ms.
Mono: successfully reloaded assembly
- Completed reload, in  1.566 seconds
Platform modules already initialized, skipping
========================================================================
Worker process is ready to serve import requests
Launched and connected shader compiler UnityShaderCompiler.exe after 0.12 seconds
Refreshing native plugins compatible for Editor in 0.33 ms, found 0 plugins.
Preloading 0 native plugins for Editor in 0.00 ms.
Unloading 1245 Unused Serialized files (Serialized files now loaded: 0)
System memory in use before: 68.8 MB.
System memory in use after: 68.4 MB.

Unloading 13 unused Assets to reduce memory usage. Loaded Objects now: 1690.
Total: 2.642500 ms (FindLiveObjects: 0.215600 ms CreateObjectMapping: 0.055100 ms MarkObjects: 1.917500 ms  DeleteObjects: 0.452800 ms)

========================================================================
Received Prepare
Registering precompiled user dll's ...
Registered in 0.001001 seconds.
Begin MonoManager ReloadAssembly
Native extension for WindowsStandalone target not found
Native extension for OSXStandalone target not found
Native extension for WebGL target not found
Refreshing native plugins compatible for Editor in 0.35 ms, found 0 plugins.
Preloading 0 native plugins for Editor in 0.00 ms.
[ScriptCompilation] NOT recompiling all scripts because this is an import worker process. Reason to compile was: Define symbols changed
Mono: successfully reloaded assembly
- Completed reload, in  1.094 seconds
Platform modules already initialized, skipping
Refreshing native plugins compatible for Editor in 0.32 ms, found 0 plugins.
Preloading 0 native plugins for Editor in 0.00 ms.
Unloading 1220 Unused Serialized files (Serialized files now loaded: 0)
System memory in use before: 66.9 MB.
System memory in use after: 66.6 MB.

Unloading 7 unused Assets to reduce memory usage. Loaded Objects now: 1693.
Total: 2.247400 ms (FindLiveObjects: 0.155200 ms CreateObjectMapping: 0.052300 ms MarkObjects: 1.666200 ms  DeleteObjects: 0.372400 ms)

========================================================================
Received Import Request.
  path: Assets/Scenes/SampleScene.unity
  artifactKey: Guid(9fc0d4010bbf28b4594072e72b8655ab) Importer(815301076,1909f56bfc062723c751e8b465ee728b)
Start importing Assets/Scenes/SampleScene.unity using Guid(9fc0d4010bbf28b4594072e72b8655ab) Importer(815301076,1909f56bfc062723c751e8b465ee728b)  -> (artifact id: '31608772bc906a1543fd24bb3c4e92b3') in 0.038443 seconds
  Import took 0.041110 seconds .

========================================================================
Received Import Request.
  Time since last request: 2.634614 seconds.
  path: Assets/Scenes/Main.unity
  artifactKey: Guid(9fc0d4010bbf28b4594072e72b8655ab) Importer(815301076,1909f56bfc062723c751e8b465ee728b)
Start importing Assets/Scenes/Main.unity using Guid(9fc0d4010bbf28b4594072e72b8655ab) Importer(815301076,1909f56bfc062723c751e8b465ee728b)  -> (artifact id: '2bb3352b49e259a67651e57411183f02') in 0.010547 seconds
  Import took 0.015570 seconds .

========================================================================
Received Import Request.
  Time since last request: 0.005154 seconds.
  path: Assets/Scenes/Main.unity
  artifactKey: Guid(9fc0d4010bbf28b4594072e72b8655ab) Importer(815301076,1909f56bfc062723c751e8b465ee728b)
Start importing Assets/Scenes/Main.unity using Guid(9fc0d4010bbf28b4594072e72b8655ab) Importer(815301076,1909f56bfc062723c751e8b465ee728b)  -> (artifact id: '2bb3352b49e259a67651e57411183f02') in 0.003998 seconds
  Import took 0.006573 seconds .

========================================================================
Received Import Request.
  Time since last request: 44.435621 seconds.
  path: Assets
  artifactKey: Guid(00000000000000001000000000000000) Importer(815301076,1909f56bfc062723c751e8b465ee728b)
Start importing Assets using Guid(00000000000000001000000000000000) Importer(815301076,1909f56bfc062723c751e8b465ee728b)  -> (artifact id: '42d402b061de3733987d63b9cc3b64de') in 0.015916 seconds
  Import took 0.018925 seconds .

========================================================================
Received Import Request.
  Time since last request: 5.370743 seconds.
  path: Assets/Materials
  artifactKey: Guid(b6b240858a16ce548a403c7dbe509be6) Importer(815301076,1909f56bfc062723c751e8b465ee728b)
Start importing Assets/Materials using Guid(b6b240858a16ce548a403c7dbe509be6) Importer(815301076,1909f56bfc062723c751e8b465ee728b)  -> (artifact id: 'd9d84b11dce77b62aa3166bea0401d68') in 0.010720 seconds
  Import took 0.014038 seconds .

========================================================================
Received Import Request.
  Time since last request: 0.006804 seconds.
  path: Assets/Materials
  artifactKey: Guid(b6b240858a16ce548a403c7dbe509be6) Importer(815301076,1909f56bfc062723c751e8b465ee728b)
Start importing Assets/Materials using Guid(b6b240858a16ce548a403c7dbe509be6) Importer(815301076,1909f56bfc062723c751e8b465ee728b)  -> (artifact id: 'd9d84b11dce77b62aa3166bea0401d68') in 0.002767 seconds
  Import took 0.005093 seconds .

========================================================================
Received Import Request.
  Time since last request: 27.423811 seconds.
  path: Assets/Standard Assets/Vehicles/Aircraft/Textures/AircraftFuselageNormals.png
  artifactKey: Guid(c7e9ae087ac710a4980ed418c192e2fb) Importer(815301076,1909f56bfc062723c751e8b465ee728b)
Start importing Assets/Standard Assets/Vehicles/Aircraft/Textures/AircraftFuselageNormals.png using Guid(c7e9ae087ac710a4980ed418c192e2fb) Importer(815301076,1909f56bfc062723c751e8b465ee728b)  -> (artifact id: 'e7c2a7e3c05f6293f5f6456ac98a7d57') in 0.247028 seconds
  Import took 0.250530 seconds .

========================================================================
Received Import Request.
  Time since last request: 0.000304 seconds.
  path: Assets/Standard Assets/Vehicles/Aircraft/Textures/AircraftPropellerBlur02WhiteAlbedo.png
  artifactKey: Guid(5d71e30febe908949a93dafb077b4ec9) Importer(815301076,1909f56bfc062723c751e8b465ee728b)
Start importing Assets/Standard Assets/Vehicles/Aircraft/Textures/AircraftPropellerBlur02WhiteAlbedo.png using Guid(5d71e30febe908949a93dafb077b4ec9) Importer(815301076,1909f56bfc062723c751e8b465ee728b)  -> (artifact id: '0a82b748d642e3c93317ef942ed966f7') in 0.018608 seconds
  Import took 0.021619 seconds .

========================================================================
Received Import Request.
  Time since last request: 0.000313 seconds.
  path: Assets/Standard Assets/Vehicles/Aircraft/Textures/AircraftPropellerBlur02GreyAlbedo.png
  artifactKey: Guid(da369a9e24c14b04da8e0be4d9fbee0c) Importer(815301076,1909f56bfc062723c751e8b465ee728b)
Start importing Assets/Standard Assets/Vehicles/Aircraft/Textures/AircraftPropellerBlur02GreyAlbedo.png using Guid(da369a9e24c14b04da8e0be4d9fbee0c) Importer(815301076,1909f56bfc062723c751e8b465ee728b)  -> (artifact id: '00eedf40fa347a7d4e4b8872adaf08ca') in 0.023737 seconds
  Import took 0.026080 seconds .

========================================================================
Received Import Request.
  Time since last request: 0.000384 seconds.
  path: Assets/Standard Assets/Vehicles/Aircraft/Textures/AircraftPropellerBlur01WhiteAlbedo.png
  artifactKey: Guid(a01d24876a1472b408ba8e5f0bf3a23f) Importer(815301076,1909f56bfc062723c751e8b465ee728b)
Start importing Assets/Standard Assets/Vehicles/Aircraft/Textures/AircraftPropellerBlur01WhiteAlbedo.png using Guid(a01d24876a1472b408ba8e5f0bf3a23f) Importer(815301076,1909f56bfc062723c751e8b465ee728b)  -> (artifact id: '4f7fc136fe0f279ceb79f674a4e9ea51') in 0.019862 seconds
  Import took 0.023998 seconds .

========================================================================
Received Import Request.
  Time since last request: 0.000331 seconds.
  path: Assets/Standard Assets/Vehicles/Aircraft/Textures/AircraftPropellerBlur03WhiteAlbedo.png
  artifactKey: Guid(0d0e2aad9fc8ad04ba15c42753f8b797) Importer(815301076,1909f56bfc062723c751e8b465ee728b)
Start importing Assets/Standard Assets/Vehicles/Aircraft/Textures/AircraftPropellerBlur03WhiteAlbedo.png using Guid(0d0e2aad9fc8ad04ba15c42753f8b797) Importer(815301076,1909f56bfc062723c751e8b465ee728b)  -> (artifact id: 'e737d2b241d76fed18c4905c9e5518af') in 0.020301 seconds
  Import took 0.023382 seconds .

========================================================================
Received Import Request.
  Time since last request: 0.000398 seconds.
  path: Assets/Standard Assets/Vehicles/Aircraft/Textures/AircraftWingsPropellerOcclusion.png
  artifactKey: Guid(0ad6f20f99271564d93962d2b51bf9b0) Importer(815301076,1909f56bfc062723c751e8b465ee728b)
Start importing Assets/Standard Assets/Vehicles/Aircraft/Textures/AircraftWingsPropellerOcclusion.png using Guid(0ad6f20f99271564d93962d2b51bf9b0) Importer(815301076,1909f56bfc062723c751e8b465ee728b)  -> (artifact id: '88f51185ad775e08d3e732c9eec30b89') in 0.043990 seconds
  Import took 0.048374 seconds .

========================================================================
Received Import Request.
  Time since last request: 0.000714 seconds.
  path: Assets/Standard Assets/Vehicles/Aircraft/Textures/AircraftWingsJetOcclusion.png
  artifactKey: Guid(a2203213fc4dd244e90e1e9d1862c097) Importer(815301076,1909f56bfc062723c751e8b465ee728b)
Start importing Assets/Standard Assets/Vehicles/Aircraft/Textures/AircraftWingsJetOcclusion.png using Guid(a2203213fc4dd244e90e1e9d1862c097) Importer(815301076,1909f56bfc062723c751e8b465ee728b)  -> (artifact id: 'ea06d65d3e499666a69e281adb7232b4') in 0.032427 seconds
  Import took 0.035861 seconds .

========================================================================
Received Import Request.
  Time since last request: 0.000382 seconds.
  path: Assets/Standard Assets/Vehicles/Aircraft/Textures/AircraftWingsPropellerNormals.png
  artifactKey: Guid(5b834380674bf7e48ade2f253138543f) Importer(815301076,1909f56bfc062723c751e8b465ee728b)
Start importing Assets/Standard Assets/Vehicles/Aircraft/Textures/AircraftWingsPropellerNormals.png using Guid(5b834380674bf7e48ade2f253138543f) Importer(815301076,1909f56bfc062723c751e8b465ee728b)  -> (artifact id: '98303100c8929d048d82e711ad963039') in 0.073431 seconds
  Import took 0.077201 seconds .

========================================================================
Received Import Request.
  Time since last request: 0.000315 seconds.
  path: Assets/Standard Assets/Vehicles/Aircraft/Textures/AircraftPropellerBlur01GreyAlbedo.png
  artifactKey: Guid(9bae725505bdaf5488cd1720e6f829bd) Importer(815301076,1909f56bfc062723c751e8b465ee728b)
Start importing Assets/Standard Assets/Vehicles/Aircraft/Textures/AircraftPropellerBlur01GreyAlbedo.png using Guid(9bae725505bdaf5488cd1720e6f829bd) Importer(815301076,1909f56bfc062723c751e8b465ee728b)  -> (artifact id: 'c7f67e4be9d10a22e0cc932ea5f0cfb0') in 0.017045 seconds
  Import took 0.019687 seconds .

========================================================================
Received Import Request.
  Time since last request: 0.000390 seconds.
  path: Assets/Standard Assets/Vehicles/Aircraft/Textures/AircraftPropellerBlur03GreyAlbedo.png
  artifactKey: Guid(2beb3362d4b99ed40890889c97d63cd4) Importer(815301076,1909f56bfc062723c751e8b465ee728b)
Start importing Assets/Standard Assets/Vehicles/Aircraft/Textures/AircraftPropellerBlur03GreyAlbedo.png using Guid(2beb3362d4b99ed40890889c97d63cd4) Importer(815301076,1909f56bfc062723c751e8b465ee728b)  -> (artifact id: 'e8e27331a428cb39a24d7c2782900f3f') in 0.014578 seconds
  Import took 0.017396 seconds .

========================================================================
Received Import Request.
  Time since last request: 0.000297 seconds.
  path: Assets/Standard Assets/Vehicles/Aircraft/Textures/AircraftWingsJetNormals.png
  artifactKey: Guid(f7c27487b4792e640b8816a7e0e2f5dd) Importer(815301076,1909f56bfc062723c751e8b465ee728b)
Start importing Assets/Standard Assets/Vehicles/Aircraft/Textures/AircraftWingsJetNormals.png using Guid(f7c27487b4792e640b8816a7e0e2f5dd) Importer(815301076,1909f56bfc062723c751e8b465ee728b)  -> (artifact id: '02f372612e7035c07acb29573f27a25b') in 0.053936 seconds
  Import took 0.058516 seconds .

========================================================================
Received Import Request.
  Time since last request: 0.000402 seconds.
  path: Assets/Standard Assets/Vehicles/Aircraft/Textures/AircraftFuselageOcclusion.png
  artifactKey: Guid(d378ff11c42566d46b0b11cd91eca3a3) Importer(815301076,1909f56bfc062723c751e8b465ee728b)
Start importing Assets/Standard Assets/Vehicles/Aircraft/Textures/AircraftFuselageOcclusion.png using Guid(d378ff11c42566d46b0b11cd91eca3a3) Importer(815301076,1909f56bfc062723c751e8b465ee728b)  -> (artifact id: '13c2d7128358bfd96e783ddd755098c4') in 0.031999 seconds
  Import took 0.034378 seconds .

========================================================================
Received Import Request.
  Time since last request: 145.567325 seconds.
  path: Assets/Standard Assets/Environment/Water/Water4/Prefabs/Water4Advanced.prefab
  artifactKey: Guid(b544816461f324e56a39767fdeb5b114) Importer(815301076,1909f56bfc062723c751e8b465ee728b)
Start importing Assets/Standard Assets/Environment/Water/Water4/Prefabs/Water4Advanced.prefab using Guid(b544816461f324e56a39767fdeb5b114) Importer(815301076,1909f56bfc062723c751e8b465ee728b)  -> (artifact id: '417c3330bf027aa90e54156c83076249') in 0.112562 seconds
  Import took 0.115092 seconds .

========================================================================
Received Import Request.
  Time since last request: 75.493771 seconds.
  path: Assets/Materials/SuperBouncy.physicMaterial
  artifactKey: Guid(c427b80b06718224cb6cd35da226df8d) Importer(815301076,1909f56bfc062723c751e8b465ee728b)
Start importing Assets/Materials/SuperBouncy.physicMaterial using Guid(c427b80b06718224cb6cd35da226df8d) Importer(815301076,1909f56bfc062723c751e8b465ee728b)  -> (artifact id: '868aa80303d2b7a2b778b5de816b2d2c') in 0.014552 seconds
  Import took 0.017048 seconds .

========================================================================
Received Prepare
Registering precompiled user dll's ...
Registered in 0.001704 seconds.
Begin MonoManager ReloadAssembly
Native extension for WindowsStandalone target not found
Native extension for OSXStandalone target not found
Native extension for WebGL target not found
Refreshing native plugins compatible for Editor in 0.29 ms, found 0 plugins.
Preloading 0 native plugins for Editor in 0.00 ms.
Mono: successfully reloaded assembly
- Completed reload, in  0.961 seconds
Platform modules already initialized, skipping
Refreshing native plugins compatible for Editor in 0.30 ms, found 0 plugins.
Preloading 0 native plugins for Editor in 0.00 ms.
Unloading 1221 Unused Serialized files (Serialized files now loaded: 0)
System memory in use before: 70.3 MB.
System memory in use after: 69.9 MB.

Unloading 7 unused Assets to reduce memory usage. Loaded Objects now: 1708.
Total: 3.430200 ms (FindLiveObjects: 0.216200 ms CreateObjectMapping: 0.052300 ms MarkObjects: 2.683800 ms  DeleteObjects: 0.475400 ms)

========================================================================
Received Prepare
Registering precompiled user dll's ...
Registered in 0.001462 seconds.
Begin MonoManager ReloadAssembly
Native extension for WindowsStandalone target not found
Native extension for OSXStandalone target not found
Native extension for WebGL target not found
Refreshing native plugins compatible for Editor in 0.28 ms, found 0 plugins.
Preloading 0 native plugins for Editor in 0.00 ms.
Mono: successfully reloaded assembly
- Completed reload, in  0.982 seconds
Platform modules already initialized, skipping
Refreshing native plugins compatible for Editor in 0.33 ms, found 0 plugins.
Preloading 0 native plugins for Editor in 0.00 ms.
Unloading 1220 Unused Serialized files (Serialized files now loaded: 0)
System memory in use before: 70.3 MB.
System memory in use after: 69.9 MB.

Unloading 7 unused Assets to reduce memory usage. Loaded Objects now: 1711.
Total: 2.364700 ms (FindLiveObjects: 0.156900 ms CreateObjectMapping: 0.056300 ms MarkObjects: 1.746600 ms  DeleteObjects: 0.403200 ms)

========================================================================
Received Prepare
Registering precompiled user dll's ...
Registered in 0.001220 seconds.
Begin MonoManager ReloadAssembly
Native extension for WindowsStandalone target not found
Native extension for OSXStandalone target not found
Native extension for WebGL target not found
Refreshing native plugins compatible for Editor in 0.37 ms, found 0 plugins.
Preloading 0 native plugins for Editor in 0.00 ms.
Mono: successfully reloaded assembly
- Completed reload, in  0.960 seconds
Platform modules already initialized, skipping
Refreshing native plugins compatible for Editor in 0.30 ms, found 0 plugins.
Preloading 0 native plugins for Editor in 0.00 ms.
Unloading 1220 Unused Serialized files (Serialized files now loaded: 0)
System memory in use before: 70.2 MB.
System memory in use after: 69.9 MB.

Unloading 7 unused Assets to reduce memory usage. Loaded Objects now: 1714.
Total: 2.142100 ms (FindLiveObjects: 0.145100 ms CreateObjectMapping: 0.045400 ms MarkObjects: 1.579200 ms  DeleteObjects: 0.371100 ms)

========================================================================
Received Prepare
Registering precompiled user dll's ...
Registered in 0.001734 seconds.
Begin MonoManager ReloadAssembly
Native extension for WindowsStandalone target not found
Native extension for OSXStandalone target not found
Native extension for WebGL target not found
Refreshing native plugins compatible for Editor in 0.60 ms, found 0 plugins.
Preloading 0 native plugins for Editor in 0.00 ms.
Mono: successfully reloaded assembly
- Completed reload, in  2.303 seconds
Platform modules already initialized, skipping
Refreshing native plugins compatible for Editor in 0.31 ms, found 0 plugins.
Preloading 0 native plugins for Editor in 0.00 ms.
Unloading 1220 Unused Serialized files (Serialized files now loaded: 0)
System memory in use before: 70.3 MB.
System memory in use after: 69.9 MB.

Unloading 7 unused Assets to reduce memory usage. Loaded Objects now: 1717.
Total: 2.403200 ms (FindLiveObjects: 0.211500 ms CreateObjectMapping: 0.047300 ms MarkObjects: 1.638800 ms  DeleteObjects: 0.504200 ms)

========================================================================
Received Prepare
Registering precompiled user dll's ...
Registered in 0.001476 seconds.
Begin MonoManager ReloadAssembly
Native extension for WindowsStandalone target not found
Native extension for OSXStandalone target not found
Native extension for WebGL target not found
Refreshing native plugins compatible for Editor in 0.29 ms, found 0 plugins.
Preloading 0 native plugins for Editor in 0.00 ms.
Mono: successfully reloaded assembly
- Completed reload, in  0.927 seconds
Platform modules already initialized, skipping
Refreshing native plugins compatible for Editor in 0.29 ms, found 0 plugins.
Preloading 0 native plugins for Editor in 0.00 ms.
Unloading 1220 Unused Serialized files (Serialized files now loaded: 0)
System memory in use before: 70.2 MB.
System memory in use after: 69.9 MB.

Unloading 7 unused Assets to reduce memory usage. Loaded Objects now: 1720.
Total: 2.502100 ms (FindLiveObjects: 0.156100 ms CreateObjectMapping: 0.036300 ms MarkObjects: 1.931400 ms  DeleteObjects: 0.377000 ms)

========================================================================
Received Import Request.
  Time since last request: 824.837845 seconds.
  path: ProjectSettings/TagManager.asset
  artifactKey: Guid(00000000000000003000000000000000) Importer(815301076,1909f56bfc062723c751e8b465ee728b)
Start importing ProjectSettings/TagManager.asset using Guid(00000000000000003000000000000000) Importer(815301076,1909f56bfc062723c751e8b465ee728b)  -> (artifact id: 'ce6a35c3cddc746e7501c0bd0ed6d4ce') in 0.034517 seconds
  Import took 0.037877 seconds .

========================================================================
Received Import Request.
  Time since last request: 8.408465 seconds.
  path: ProjectSettings/TagManager.asset
  artifactKey: Guid(00000000000000003000000000000000) Importer(815301076,1909f56bfc062723c751e8b465ee728b)
Start importing ProjectSettings/TagManager.asset using Guid(00000000000000003000000000000000) Importer(815301076,1909f56bfc062723c751e8b465ee728b)  -> (artifact id: '17416337988afccb6c089d44fcefd23b') in 0.003489 seconds
  Import took 0.007529 seconds .

========================================================================
Received Import Request.
  Time since last request: 34.169712 seconds.
  path: ProjectSettings/TagManager.asset
  artifactKey: Guid(00000000000000003000000000000000) Importer(815301076,1909f56bfc062723c751e8b465ee728b)
Start importing ProjectSettings/TagManager.asset using Guid(00000000000000003000000000000000) Importer(815301076,1909f56bfc062723c751e8b465ee728b)  -> (artifact id: 'cf71f1cfe3717506c460cdff399c63ec') in 0.003927 seconds
  Import took 0.006976 seconds .

========================================================================
Received Import Request.
  Time since last request: 105.186123 seconds.
  path: Assets/Scripts
  artifactKey: Guid(bd3547279a6e0b046ad00bdc2b503072) Importer(815301076,1909f56bfc062723c751e8b465ee728b)
Start importing Assets/Scripts using Guid(bd3547279a6e0b046ad00bdc2b503072) Importer(815301076,1909f56bfc062723c751e8b465ee728b)  -> (artifact id: 'ea794845e6734074ccc09199da1fd77e') in 0.010166 seconds
  Import took 0.013025 seconds .

========================================================================
Received Import Request.
  Time since last request: 0.006615 seconds.
  path: Assets/Scripts
  artifactKey: Guid(bd3547279a6e0b046ad00bdc2b503072) Importer(815301076,1909f56bfc062723c751e8b465ee728b)
Start importing Assets/Scripts using Guid(bd3547279a6e0b046ad00bdc2b503072) Importer(815301076,1909f56bfc062723c751e8b465ee728b)  -> (artifact id: 'ea794845e6734074ccc09199da1fd77e') in 0.004329 seconds
  Import took 0.006791 seconds .

========================================================================
Received Import Request.
  Time since last request: 12.077293 seconds.
  path: Assets/Scripts/VelocityScript.cs
  artifactKey: Guid(a35f7287b1590df459c205c19777657c) Importer(815301076,1909f56bfc062723c751e8b465ee728b)
Start importing Assets/Scripts/VelocityScript.cs using Guid(a35f7287b1590df459c205c19777657c) Importer(815301076,1909f56bfc062723c751e8b465ee728b)  -> (artifact id: '509f201a8944e8d9cd31cae5c09a25d9') in 0.016029 seconds
  Import took 0.018549 seconds .

========================================================================
Received Prepare
Registering precompiled user dll's ...
Registered in 0.001238 seconds.
Begin MonoManager ReloadAssembly
Native extension for WindowsStandalone target not found
Native extension for OSXStandalone target not found
Native extension for WebGL target not found
Refreshing native plugins compatible for Editor in 1.35 ms, found 0 plugins.
Preloading 0 native plugins for Editor in 0.00 ms.
Mono: successfully reloaded assembly
- Completed reload, in  1.251 seconds
Platform modules already initialized, skipping
Refreshing native plugins compatible for Editor in 0.30 ms, found 0 plugins.
Preloading 0 native plugins for Editor in 0.00 ms.
Unloading 1221 Unused Serialized files (Serialized files now loaded: 0)
System memory in use before: 70.3 MB.
System memory in use after: 70.0 MB.

Unloading 10 unused Assets to reduce memory usage. Loaded Objects now: 1724.
Total: 2.225000 ms (FindLiveObjects: 0.160500 ms CreateObjectMapping: 0.056500 ms MarkObjects: 1.623400 ms  DeleteObjects: 0.383300 ms)

========================================================================
Received Prepare
Registering precompiled user dll's ...
Registered in 0.001511 seconds.
Begin MonoManager ReloadAssembly
Native extension for WindowsStandalone target not found
Native extension for OSXStandalone target not found
Native extension for WebGL target not found
Refreshing native plugins compatible for Editor in 0.29 ms, found 0 plugins.
Preloading 0 native plugins for Editor in 0.00 ms.
Mono: successfully reloaded assembly
- Completed reload, in  1.039 seconds
Platform modules already initialized, skipping
Refreshing native plugins compatible for Editor in 0.30 ms, found 0 plugins.
Preloading 0 native plugins for Editor in 0.00 ms.
Unloading 1221 Unused Serialized files (Serialized files now loaded: 0)
System memory in use before: 70.3 MB.
System memory in use after: 70.0 MB.

Unloading 7 unused Assets to reduce memory usage. Loaded Objects now: 1727.
Total: 2.352600 ms (FindLiveObjects: 0.164200 ms CreateObjectMapping: 0.040200 ms MarkObjects: 1.748100 ms  DeleteObjects: 0.398900 ms)

========================================================================
Received Import Request.
  Time since last request: 126.581345 seconds.
  path: Assets/Scripts/VelocityScript.cs
  artifactKey: Guid(a35f7287b1590df459c205c19777657c) Importer(815301076,1909f56bfc062723c751e8b465ee728b)
Start importing Assets/Scripts/VelocityScript.cs using Guid(a35f7287b1590df459c205c19777657c) Importer(815301076,1909f56bfc062723c751e8b465ee728b)  -> (artifact id: 'dc82bb72720f6727dc1a3948e030b287') in 0.004731 seconds
  Import took 0.007012 seconds .

========================================================================
Received Prepare
Registering precompiled user dll's ...
Registered in 0.001042 seconds.
Begin MonoManager ReloadAssembly
Native extension for WindowsStandalone target not found
Native extension for OSXStandalone target not found
Native extension for WebGL target not found
Refreshing native plugins compatible for Editor in 0.32 ms, found 0 plugins.
Preloading 0 native plugins for Editor in 0.00 ms.
Mono: successfully reloaded assembly
- Completed reload, in  0.947 seconds
Platform modules already initialized, skipping
Refreshing native plugins compatible for Editor in 0.31 ms, found 0 plugins.
Preloading 0 native plugins for Editor in 0.00 ms.
Unloading 1221 Unused Serialized files (Serialized files now loaded: 0)
System memory in use before: 70.3 MB.
System memory in use after: 70.0 MB.

Unloading 7 unused Assets to reduce memory usage. Loaded Objects now: 1730.
Total: 2.352300 ms (FindLiveObjects: 0.156600 ms CreateObjectMapping: 0.053100 ms MarkObjects: 1.748200 ms  DeleteObjects: 0.393000 ms)

========================================================================
Received Prepare
Registering precompiled user dll's ...
Registered in 0.001667 seconds.
Begin MonoManager ReloadAssembly
Native extension for WindowsStandalone target not found
Native extension for OSXStandalone target not found
Native extension for WebGL target not found
Refreshing native plugins compatible for Editor in 0.31 ms, found 0 plugins.
Preloading 0 native plugins for Editor in 0.00 ms.
Mono: successfully reloaded assembly
- Completed reload, in  1.083 seconds
Platform modules already initialized, skipping
Refreshing native plugins compatible for Editor in 0.32 ms, found 0 plugins.
Preloading 0 native plugins for Editor in 0.00 ms.
Unloading 1221 Unused Serialized files (Serialized files now loaded: 0)
System memory in use before: 70.3 MB.
System memory in use after: 70.0 MB.

Unloading 7 unused Assets to reduce memory usage. Loaded Objects now: 1733.
Total: 2.309800 ms (FindLiveObjects: 0.157000 ms CreateObjectMapping: 0.041900 ms MarkObjects: 1.674600 ms  DeleteObjects: 0.434900 ms)

========================================================================
Received Prepare
Registering precompiled user dll's ...
Registered in 0.001060 seconds.
Begin MonoManager ReloadAssembly
Native extension for WindowsStandalone target not found
Native extension for OSXStandalone target not found
Native extension for WebGL target not found
Refreshing native plugins compatible for Editor in 0.28 ms, found 0 plugins.
Preloading 0 native plugins for Editor in 0.00 ms.
Mono: successfully reloaded assembly
- Completed reload, in  0.921 seconds
Platform modules already initialized, skipping
Refreshing native plugins compatible for Editor in 0.29 ms, found 0 plugins.
Preloading 0 native plugins for Editor in 0.00 ms.
Unloading 1221 Unused Serialized files (Serialized files now loaded: 0)
System memory in use before: 70.3 MB.
System memory in use after: 70.0 MB.

Unloading 7 unused Assets to reduce memory usage. Loaded Objects now: 1736.
Total: 2.172600 ms (FindLiveObjects: 0.140100 ms CreateObjectMapping: 0.039700 ms MarkObjects: 1.600300 ms  DeleteObjects: 0.391400 ms)

========================================================================
Received Prepare
Registering precompiled user dll's ...
Registered in 0.001446 seconds.
Begin MonoManager ReloadAssembly
Native extension for WindowsStandalone target not found
Native extension for OSXStandalone target not found
Native extension for WebGL target not found
Refreshing native plugins compatible for Editor in 0.37 ms, found 0 plugins.
Preloading 0 native plugins for Editor in 0.00 ms.
Mono: successfully reloaded assembly
- Completed reload, in  0.927 seconds
Platform modules already initialized, skipping
Refreshing native plugins compatible for Editor in 0.29 ms, found 0 plugins.
Preloading 0 native plugins for Editor in 0.00 ms.
Unloading 1221 Unused Serialized files (Serialized files now loaded: 0)
System memory in use before: 70.3 MB.
System memory in use after: 70.0 MB.

Unloading 7 unused Assets to reduce memory usage. Loaded Objects now: 1739.
Total: 2.212800 ms (FindLiveObjects: 0.211300 ms CreateObjectMapping: 0.051600 ms MarkObjects: 1.567000 ms  DeleteObjects: 0.381500 ms)

========================================================================
Received Import Request.
  Time since last request: 831.229878 seconds.
  path: Assets/Scripts/GoalScript.cs
  artifactKey: Guid(99e9db03aa0d35649bf018b74fe26a96) Importer(815301076,1909f56bfc062723c751e8b465ee728b)
Start importing Assets/Scripts/GoalScript.cs using Guid(99e9db03aa0d35649bf018b74fe26a96) Importer(815301076,1909f56bfc062723c751e8b465ee728b)  -> (artifact id: 'b74b6d760538f21219865b072b366978') in 0.014288 seconds
  Import took 0.017937 seconds .

========================================================================
Received Prepare
Registering precompiled user dll's ...
Registered in 0.000961 seconds.
Begin MonoManager ReloadAssembly
Native extension for WindowsStandalone target not found
Native extension for OSXStandalone target not found
Native extension for WebGL target not found
Refreshing native plugins compatible for Editor in 0.33 ms, found 0 plugins.
Preloading 0 native plugins for Editor in 0.00 ms.
Mono: successfully reloaded assembly
- Completed reload, in  1.125 seconds
Platform modules already initialized, skipping
Refreshing native plugins compatible for Editor in 0.29 ms, found 0 plugins.
Preloading 0 native plugins for Editor in 0.00 ms.
Unloading 1222 Unused Serialized files (Serialized files now loaded: 0)
System memory in use before: 70.3 MB.
System memory in use after: 70.0 MB.

Unloading 7 unused Assets to reduce memory usage. Loaded Objects now: 1743.
Total: 2.603900 ms (FindLiveObjects: 0.198100 ms CreateObjectMapping: 0.050900 ms MarkObjects: 1.941500 ms  DeleteObjects: 0.411100 ms)

========================================================================
Received Prepare
Registering precompiled user dll's ...
Registered in 0.000987 seconds.
Begin MonoManager ReloadAssembly
Native extension for WindowsStandalone target not found
Native extension for OSXStandalone target not found
Native extension for WebGL target not found
Refreshing native plugins compatible for Editor in 0.30 ms, found 0 plugins.
Preloading 0 native plugins for Editor in 0.00 ms.
Mono: successfully reloaded assembly
- Completed reload, in  0.985 seconds
Platform modules already initialized, skipping
Refreshing native plugins compatible for Editor in 0.30 ms, found 0 plugins.
Preloading 0 native plugins for Editor in 0.00 ms.
Unloading 1222 Unused Serialized files (Serialized files now loaded: 0)
System memory in use before: 70.3 MB.
System memory in use after: 70.0 MB.

Unloading 7 unused Assets to reduce memory usage. Loaded Objects now: 1746.
Total: 2.371700 ms (FindLiveObjects: 0.177900 ms CreateObjectMapping: 0.038700 ms MarkObjects: 1.738700 ms  DeleteObjects: 0.415200 ms)

========================================================================
Received Import Request.
  Time since last request: 355.907089 seconds.
  path: Assets/Scripts/GoalScript.cs
  artifactKey: Guid(99e9db03aa0d35649bf018b74fe26a96) Importer(815301076,1909f56bfc062723c751e8b465ee728b)
Start importing Assets/Scripts/GoalScript.cs using Guid(99e9db03aa0d35649bf018b74fe26a96) Importer(815301076,1909f56bfc062723c751e8b465ee728b)  -> (artifact id: 'a23790ef3cc8198de2108de07f37ceba') in 0.004673 seconds
  Import took 0.006996 seconds .

========================================================================
Received Import Request.
  Time since last request: 289.444837 seconds.
  path: Assets/Scripts/GameManager.cs
  artifactKey: Guid(e5f3518a09e1979429cfc880d51cc423) Importer(815301076,1909f56bfc062723c751e8b465ee728b)
Start importing Assets/Scripts/GameManager.cs using Guid(e5f3518a09e1979429cfc880d51cc423) Importer(815301076,1909f56bfc062723c751e8b465ee728b)  -> (artifact id: '58d1a6be4a491a0456b6f7e4c3acdf0a') in 0.013260 seconds
  Import took 0.022134 seconds .

========================================================================
Received Prepare
Registering precompiled user dll's ...
Registered in 0.000987 seconds.
Begin MonoManager ReloadAssembly
Native extension for WindowsStandalone target not found
Native extension for OSXStandalone target not found
Native extension for WebGL target not found
Refreshing native plugins compatible for Editor in 0.29 ms, found 0 plugins.
Preloading 0 native plugins for Editor in 0.00 ms.
Mono: successfully reloaded assembly
- Completed reload, in  1.186 seconds
Platform modules already initialized, skipping
Refreshing native plugins compatible for Editor in 0.30 ms, found 0 plugins.
Preloading 0 native plugins for Editor in 0.00 ms.
Unloading 1223 Unused Serialized files (Serialized files now loaded: 0)
System memory in use before: 70.4 MB.
System memory in use after: 70.1 MB.

Unloading 7 unused Assets to reduce memory usage. Loaded Objects now: 1750.
Total: 2.290300 ms (FindLiveObjects: 0.160800 ms CreateObjectMapping: 0.039700 ms MarkObjects: 1.684800 ms  DeleteObjects: 0.403800 ms)

========================================================================
Received Prepare
Registering precompiled user dll's ...
Registered in 0.000951 seconds.
Begin MonoManager ReloadAssembly
Native extension for WindowsStandalone target not found
Native extension for OSXStandalone target not found
Native extension for WebGL target not found
Refreshing native plugins compatible for Editor in 0.38 ms, found 0 plugins.
Preloading 0 native plugins for Editor in 0.00 ms.
Mono: successfully reloaded assembly
- Completed reload, in  0.987 seconds
Platform modules already initialized, skipping
Refreshing native plugins compatible for Editor in 0.34 ms, found 0 plugins.
Preloading 0 native plugins for Editor in 0.00 ms.
Unloading 1223 Unused Serialized files (Serialized files now loaded: 0)
System memory in use before: 70.4 MB.
System memory in use after: 70.1 MB.

Unloading 7 unused Assets to reduce memory usage. Loaded Objects now: 1753.
Total: 2.452300 ms (FindLiveObjects: 0.219900 ms CreateObjectMapping: 0.071500 ms MarkObjects: 1.745900 ms  DeleteObjects: 0.413600 ms)

========================================================================
Received Import Request.
  Time since last request: 224.011514 seconds.
  path: Assets/Scripts/GameManager.cs
  artifactKey: Guid(e5f3518a09e1979429cfc880d51cc423) Importer(815301076,1909f56bfc062723c751e8b465ee728b)
Start importing Assets/Scripts/GameManager.cs using Guid(e5f3518a09e1979429cfc880d51cc423) Importer(815301076,1909f56bfc062723c751e8b465ee728b)  -> (artifact id: 'eda8ab0a7f1a8690cc99aa4b550066b0') in 0.005258 seconds
  Import took 0.008250 seconds .

========================================================================
Received Prepare
Registering precompiled user dll's ...
Registered in 0.000977 seconds.
Begin MonoManager ReloadAssembly
Native extension for WindowsStandalone target not found
Native extension for OSXStandalone target not found
Native extension for WebGL target not found
Refreshing native plugins compatible for Editor in 0.30 ms, found 0 plugins.
Preloading 0 native plugins for Editor in 0.00 ms.
Mono: successfully reloaded assembly
- Completed reload, in  0.998 seconds
Platform modules already initialized, skipping
Refreshing native plugins compatible for Editor in 0.31 ms, found 0 plugins.
Preloading 0 native plugins for Editor in 0.00 ms.
Unloading 1223 Unused Serialized files (Serialized files now loaded: 0)
System memory in use before: 70.4 MB.
System memory in use after: 70.1 MB.

Unloading 7 unused Assets to reduce memory usage. Loaded Objects now: 1756.
Total: 2.196000 ms (FindLiveObjects: 0.177600 ms CreateObjectMapping: 0.037000 ms MarkObjects: 1.578800 ms  DeleteObjects: 0.401200 ms)

========================================================================
Received Prepare
Registering precompiled user dll's ...
Registered in 0.001013 seconds.
Begin MonoManager ReloadAssembly
Native extension for WindowsStandalone target not found
Native extension for OSXStandalone target not found
Native extension for WebGL target not found
Refreshing native plugins compatible for Editor in 0.68 ms, found 0 plugins.
Preloading 0 native plugins for Editor in 0.00 ms.
Mono: successfully reloaded assembly
- Completed reload, in  1.343 seconds
Platform modules already initialized, skipping
Refreshing native plugins compatible for Editor in 0.38 ms, found 0 plugins.
Preloading 0 native plugins for Editor in 0.00 ms.
Unloading 1223 Unused Serialized files (Serialized files now loaded: 0)
System memory in use before: 70.4 MB.
System memory in use after: 70.1 MB.

Unloading 7 unused Assets to reduce memory usage. Loaded Objects now: 1759.
Total: 4.201500 ms (FindLiveObjects: 0.249900 ms CreateObjectMapping: 0.210700 ms MarkObjects: 3.242900 ms  DeleteObjects: 0.496200 ms)

AssetImportWorkerClient::OnTransportError - code=2 error=End of file
